Determining if the pthread_create exist failed with the following output:
Change Dir: /home/mploux/dev/LazyGL/build/CMakeFiles/CMakeTmp

Run Build Command:"/usr/bin/make" "cmTC_27350/fast"
/usr/bin/make -f CMakeFiles/cmTC_27350.dir/build.make CMakeFiles/cmTC_27350.dir/build
make[1]: Entering directory '/home/mploux/dev/LazyGL/build/CMakeFiles/CMakeTmp'
Building C object CMakeFiles/cmTC_27350.dir/CheckSymbolExists.c.o
/usr/bin/cc    -o CMakeFiles/cmTC_27350.dir/CheckSymbolExists.c.o   -c /home/mploux/dev/LazyGL/build/CMakeFiles/CMakeTmp/CheckSymbolExists.c
Linking C executable cmTC_27350
/usr/local/bin/cmake -E cmake_link_script CMakeFiles/cmTC_27350.dir/link.txt --verbose=1
/usr/bin/cc      -rdynamic CMakeFiles/cmTC_27350.dir/CheckSymbolExists.c.o  -o cmTC_27350 
CMakeFiles/cmTC_27350.dir/CheckSymbolExists.c.o: In function `main':
CheckSymbolExists.c:(.text+0x16): undefined reference to `pthread_create'
collect2: error: ld returned 1 exit status
CMakeFiles/cmTC_27350.dir/build.make:86: recipe for target 'cmTC_27350' failed
make[1]: *** [cmTC_27350] Error 1
make[1]: Leaving directory '/home/mploux/dev/LazyGL/build/CMakeFiles/CMakeTmp'
Makefile:126: recipe for target 'cmTC_27350/fast' failed
make: *** [cmTC_27350/fast] Error 2

File /home/mploux/dev/LazyGL/build/CMakeFiles/CMakeTmp/CheckSymbolExists.c:
/* */
#include <pthread.h>

int main(int argc, char** argv)
{
  (void)argv;
#ifndef pthread_create
  return ((int*)(&pthread_create))[argc];
#else
  (void)argc;
  return 0;
#endif
}

Determining if the function pthread_create exists in the pthreads failed with the following output:
Change Dir: /home/mploux/dev/LazyGL/build/CMakeFiles/CMakeTmp

Run Build Command:"/usr/bin/make" "cmTC_4476b/fast"
/usr/bin/make -f CMakeFiles/cmTC_4476b.dir/build.make CMakeFiles/cmTC_4476b.dir/build
make[1]: Entering directory '/home/mploux/dev/LazyGL/build/CMakeFiles/CMakeTmp'
Building C object CMakeFiles/cmTC_4476b.dir/CheckFunctionExists.c.o
/usr/bin/cc   -DCHECK_FUNCTION_EXISTS=pthread_create   -o CMakeFiles/cmTC_4476b.dir/CheckFunctionExists.c.o   -c /usr/local/share/cmake-3.11/Modules/CheckFunctionExists.c
Linking C executable cmTC_4476b
/usr/local/bin/cmake -E cmake_link_script CMakeFiles/cmTC_4476b.dir/link.txt --verbose=1
/usr/bin/cc  -DCHECK_FUNCTION_EXISTS=pthread_create    -rdynamic CMakeFiles/cmTC_4476b.dir/CheckFunctionExists.c.o  -o cmTC_4476b -lpthreads 
/usr/bin/ld: cannot find -lpthreads
collect2: error: ld returned 1 exit status
CMakeFiles/cmTC_4476b.dir/build.make:86: recipe for target 'cmTC_4476b' failed
make[1]: *** [cmTC_4476b] Error 1
make[1]: Leaving directory '/home/mploux/dev/LazyGL/build/CMakeFiles/CMakeTmp'
Makefile:126: recipe for target 'cmTC_4476b/fast' failed
make: *** [cmTC_4476b/fast] Error 2


